GUIA-DT-05.GUIA.local;2022-09-28 12:06:57;Windows Defender
DESKTOP-6I2UJH4;2022-09-28 14:09:44;My first Log
DESKTOP-6I2UJH4;2022-09-28 14:31:53;My first Log
DESKTOP-6I2UJH4;2022-09-28 14:38:08;My first Log
DESKTOP-6I2UJH4;2022-09-28 14:40:03;My first Log
DESKTOP-6I2UJH4;2022-09-28 14:40:16;My first Log
DESKTOP-6I2UJH4;2022-09-28 14:40:16;My first Log
DESKTOP-6I2UJH4;2022-09-28 14:40:18;My first Log
DESKTOP-6I2UJH4;2022-09-28 16:46:40;My first Log
DESKTOP-6I2UJH4;2022-09-28 16:47:58;My first Log
DESKTOP-6I2UJH4;2022-09-28 16:48:22;My first Log
DESKTOP-6I2UJH4;2022-09-28 16:48:23;My first Log
DESKTOP-6I2UJH4;2022-09-28 16:48:25;My first Log
DESKTOP-6I2UJH4;2022-09-28 16:48:25;My first Log
GUIA-DT-05.GUIA.local;2022-10-03 16:08:34;2122-09-09T16:08:33Z
GUIA-DT-05.GUIA.local;2022-10-04 15:23:29;Em Arranque do serviço
GUIA-DT-05.GUIA.local;2022-10-04 15:23:43;Tentativa de ligação 1
GUIA-DT-05.GUIA.local;2022-10-04 15:24:14;O reader não ligou.
GUIA-DT-05.GUIA.local;2022-10-04 15:24:14;O reader não ligou.
GUIA-DT-05.GUIA.local;2022-10-04 15:34:51;2122-09-10T15:34:50Z
DESKTOP-4NHL2TS;2022-10-09 17:43:18;My first Log
DESKTOP-4NHL2TS;2022-10-09 17:43:18;My first Log
DESKTOP-4NHL2TS;2022-10-09 17:43:40;My first Log
DESKTOP-4NHL2TS;2022-10-09 17:43:40;My first Log
DESKTOP-4NHL2TS;2022-10-09 17:44:08;My first Log
DESKTOP-4NHL2TS;2022-10-09 17:44:08;My first Log
DESKTOP-4NHL2TS;2022-10-09 17:45:56;My first Log
DESKTOP-4NHL2TS;2022-10-09 17:45:56;My first Log
DESKTOP-4NHL2TS;2022-10-09 17:46:07;My first Log
DESKTOP-4NHL2TS;2022-10-09 17:46:07;My first Log
DESKTOP-4NHL2TS;2022-10-09 17:47:39;My first Log
DESKTOP-4NHL2TS;2022-10-09 17:47:39;My first Log
DESKTOP-4NHL2TS;2022-10-09 17:47:52;My first Log
DESKTOP-4NHL2TS;2022-10-09 17:47:52;My first Log
DESKTOP-4NHL2TS;2022-10-09 17:51:05;My first Log
DESKTOP-4NHL2TS;2022-10-09 17:51:05;My first Log
DESKTOP-4NHL2TS;2022-10-09 17:51:12;My first Log
DESKTOP-4NHL2TS;2022-10-09 17:51:12;My first Log
